2015-08-10 02:22:52 Error: [MissingHelperException] Helper class MytestHelper could not be found.
Exception Attributes: array (
  'class' => 'MytestHelper',
  'plugin' => false,
)
Request URL: /Eclipse_Luna/Cake_IG/keywords
Stack Trace:
#0 C:\WORKS\WS\Eclipse_Luna\Cake_IG\lib\Cake\View\View.php(907): HelperCollection->load('Mytest', Array)
#1 C:\WORKS\WS\Eclipse_Luna\Cake_IG\lib\Cake\View\View.php(354): View->loadHelpers()
#2 C:\WORKS\WS\Eclipse_Luna\Cake_IG\lib\Cake\Controller\Controller.php(1247): View->__construct(Object(KeywordsController))
#3 C:\WORKS\WS\Eclipse_Luna\Cake_IG\lib\Cake\Controller\Controller.php(946): Controller->_getViewObject()
#4 C:\WORKS\WS\Eclipse_Luna\Cake_IG\lib\Cake\Routing\Dispatcher.php(200): Controller->render()
#5 C:\WORKS\WS\Eclipse_Luna\Cake_IG\lib\Cake\Routing\Dispatcher.php(167): Dispatcher->_invoke(Object(KeywordsController), Object(CakeRequest))
#6 C:\WORKS\WS\Eclipse_Luna\Cake_IG\app\webroot\index.php(118): Dispatcher->dispatch(Object(CakeRequest), Object(CakeResponse))
#7 {main}
2015-08-10 02:33:16 Error: Fatal Error (1): Class 'Utils' not found in [C:\WORKS\WS\Eclipse_Luna\Cake_IG\app\Controller\KeywordsController.php, line 80]
2015-08-10 02:33:16 Error: [FatalErrorException] Class 'Utils' not found
Request URL: /Eclipse_Luna/Cake_IG/keywords/add
Stack Trace:
#0 C:\WORKS\WS\Eclipse_Luna\Cake_IG\lib\Cake\Error\ErrorHandler.php(213): ErrorHandler::handleFatalError(1, 'Class 'Utils' n...', 'C:\\WORKS\\WS\\Ecl...', 80)
#1 [internal function]: ErrorHandler::handleError(1, 'Class 'Utils' n...', 'C:\\WORKS\\WS\\Ecl...', 80, Array)
#2 C:\WORKS\WS\Eclipse_Luna\Cake_IG\lib\Cake\Core\App.php(934): call_user_func('ErrorHandler::h...', 1, 'Class 'Utils' n...', 'C:\\WORKS\\WS\\Ecl...', 80, Array)
#3 C:\WORKS\WS\Eclipse_Luna\Cake_IG\lib\Cake\Core\App.php(907): App::_checkFatalError()
#4 [internal function]: App::shutdown()
#5 {main}
2015-08-10 02:35:54 Error: Fatal Error (1): Class 'Utils' not found in [C:\WORKS\WS\Eclipse_Luna\Cake_IG\app\Controller\KeywordsController.php, line 80]
2015-08-10 02:35:54 Error: [FatalErrorException] Class 'Utils' not found
Request URL: /Eclipse_Luna/Cake_IG/keywords/add
Stack Trace:
#0 C:\WORKS\WS\Eclipse_Luna\Cake_IG\lib\Cake\Error\ErrorHandler.php(213): ErrorHandler::handleFatalError(1, 'Class 'Utils' n...', 'C:\\WORKS\\WS\\Ecl...', 80)
#1 [internal function]: ErrorHandler::handleError(1, 'Class 'Utils' n...', 'C:\\WORKS\\WS\\Ecl...', 80, Array)
#2 C:\WORKS\WS\Eclipse_Luna\Cake_IG\lib\Cake\Core\App.php(934): call_user_func('ErrorHandler::h...', 1, 'Class 'Utils' n...', 'C:\\WORKS\\WS\\Ecl...', 80, Array)
#3 C:\WORKS\WS\Eclipse_Luna\Cake_IG\lib\Cake\Core\App.php(907): App::_checkFatalError()
#4 [internal function]: App::shutdown()
#5 {main}
2015-08-10 02:37:29 Error: Fatal Error (1): Call to a member function allow() on null in [C:\WORKS\WS\Eclipse_Luna\Cake_IG\app\Controller\AppController.php, line 67]
2015-08-10 02:37:29 Error: [FatalErrorException] Call to a member function allow() on null
Request URL: /Eclipse_Luna/Cake_IG/keywords/add
Stack Trace:
#0 C:\WORKS\WS\Eclipse_Luna\Cake_IG\lib\Cake\Error\ErrorHandler.php(213): ErrorHandler::handleFatalError(1, 'Call to a membe...', 'C:\\WORKS\\WS\\Ecl...', 67)
#1 [internal function]: ErrorHandler::handleError(1, 'Call to a membe...', 'C:\\WORKS\\WS\\Ecl...', 67, Array)
#2 C:\WORKS\WS\Eclipse_Luna\Cake_IG\lib\Cake\Core\App.php(934): call_user_func('ErrorHandler::h...', 1, 'Call to a membe...', 'C:\\WORKS\\WS\\Ecl...', 67, Array)
#3 C:\WORKS\WS\Eclipse_Luna\Cake_IG\lib\Cake\Core\App.php(907): App::_checkFatalError()
#4 [internal function]: App::shutdown()
#5 {main}
2015-08-10 02:38:09 Error: Fatal Error (1): Call to a member function allow() on null in [C:\WORKS\WS\Eclipse_Luna\Cake_IG\app\Controller\AppController.php, line 67]
2015-08-10 02:38:09 Error: [FatalErrorException] Call to a member function allow() on null
Request URL: /Eclipse_Luna/Cake_IG/keywords/add
Stack Trace:
#0 C:\WORKS\WS\Eclipse_Luna\Cake_IG\lib\Cake\Error\ErrorHandler.php(213): ErrorHandler::handleFatalError(1, 'Call to a membe...', 'C:\\WORKS\\WS\\Ecl...', 67)
#1 [internal function]: ErrorHandler::handleError(1, 'Call to a membe...', 'C:\\WORKS\\WS\\Ecl...', 67, Array)
#2 C:\WORKS\WS\Eclipse_Luna\Cake_IG\lib\Cake\Core\App.php(934): call_user_func('ErrorHandler::h...', 1, 'Call to a membe...', 'C:\\WORKS\\WS\\Ecl...', 67, Array)
#3 C:\WORKS\WS\Eclipse_Luna\Cake_IG\lib\Cake\Core\App.php(907): App::_checkFatalError()
#4 [internal function]: App::shutdown()
#5 {main}
2015-08-10 02:38:17 Error: Fatal Error (1): Call to a member function allow() on null in [C:\WORKS\WS\Eclipse_Luna\Cake_IG\app\Controller\AppController.php, line 67]
2015-08-10 02:38:17 Error: [FatalErrorException] Call to a member function allow() on null
Request URL: /Eclipse_Luna/Cake_IG/keywords/add
Stack Trace:
#0 C:\WORKS\WS\Eclipse_Luna\Cake_IG\lib\Cake\Error\ErrorHandler.php(213): ErrorHandler::handleFatalError(1, 'Call to a membe...', 'C:\\WORKS\\WS\\Ecl...', 67)
#1 [internal function]: ErrorHandler::handleError(1, 'Call to a membe...', 'C:\\WORKS\\WS\\Ecl...', 67, Array)
#2 C:\WORKS\WS\Eclipse_Luna\Cake_IG\lib\Cake\Core\App.php(934): call_user_func('ErrorHandler::h...', 1, 'Call to a membe...', 'C:\\WORKS\\WS\\Ecl...', 67, Array)
#3 C:\WORKS\WS\Eclipse_Luna\Cake_IG\lib\Cake\Core\App.php(907): App::_checkFatalError()
#4 [internal function]: App::shutdown()
#5 {main}
2015-08-10 02:38:19 Error: Fatal Error (1): Call to a member function allow() on null in [C:\WORKS\WS\Eclipse_Luna\Cake_IG\app\Controller\AppController.php, line 67]
2015-08-10 02:38:19 Error: [FatalErrorException] Call to a member function allow() on null
Request URL: /Eclipse_Luna/Cake_IG/keywords/add
Stack Trace:
#0 C:\WORKS\WS\Eclipse_Luna\Cake_IG\lib\Cake\Error\ErrorHandler.php(213): ErrorHandler::handleFatalError(1, 'Call to a membe...', 'C:\\WORKS\\WS\\Ecl...', 67)
#1 [internal function]: ErrorHandler::handleError(1, 'Call to a membe...', 'C:\\WORKS\\WS\\Ecl...', 67, Array)
#2 C:\WORKS\WS\Eclipse_Luna\Cake_IG\lib\Cake\Core\App.php(934): call_user_func('ErrorHandler::h...', 1, 'Call to a membe...', 'C:\\WORKS\\WS\\Ecl...', 67, Array)
#3 C:\WORKS\WS\Eclipse_Luna\Cake_IG\lib\Cake\Core\App.php(907): App::_checkFatalError()
#4 [internal function]: App::shutdown()
#5 {main}
